tick | mnemonic
-------------------------------------------------
0001 | mem(pc)[31:0] -> dr, pc+4 -> pc, jmp @instruction
0002 | dr[22:0] + pc -> ar
0003 | mem(ar)[31:0] -> dr
0004 | dr[31:0] -> acc
0005 | mem(pc)[31:0] -> dr, pc+4 -> pc, jmp @instruction
0006 | acc + 1 -> acc
0007 | mem(pc)[31:0] -> dr, pc+4 -> pc, jmp @instruction
0008 | dr[22:0] + pc -> ar
0009 | acc[31:0] -> mem(ar)
0010 | mem(pc)[31:0] -> dr, pc+4 -> pc, jmp @instruction
0011 | dr[22:0] + pc -> ar
0012 | mem(ar)[31:0] -> dr
0013 | dr[31:0] -> acc
0014 | mem(pc)[31:0] -> dr, pc+4 -> pc, jmp @instruction
0015 | acc + 1 -> acc
0016 | mem(pc)[31:0] -> dr, pc+4 -> pc, jmp @instruction
0017 | dr[22:0] + pc -> ar
0018 | acc[31:0] -> mem(ar)
0019 | mem(pc)[31:0] -> dr, pc+4 -> pc, jmp @instruction
0020 | dr[22:0] + pc -> ar
0021 | mem(ar)[31:0] -> dr
0022 | dr[31:0] -> acc
0023 | mem(pc)[31:0] -> dr, pc+4 -> pc, jmp @instruction
0024 | acc + 1 -> acc
0025 | mem(pc)[31:0] -> dr, pc+4 -> pc, jmp @instruction
0026 | dr[22:0] + pc -> ar
0027 | acc[31:0] -> mem(ar)
0028 | mem(pc)[31:0] -> dr, pc+4 -> pc, jmp @instruction
0029 | dr[22:0] + pc -> ar
0030 | mem(ar)[31:0] -> dr
0031 | dr[31:0] -> acc
0032 | mem(pc)[31:0] -> dr, pc+4 -> pc, jmp @instruction
0033 | dr[22:0] -> output address
0034 | acc -> output
0035 | mem(pc)[31:0] -> dr, pc+4 -> pc, jmp @instruction
0036 | dr[22:0] + pc -> ar
0037 | mem(ar)[31:0] -> dr
0038 | dr[31:0] -> acc
0039 | mem(pc)[31:0] -> dr, pc+4 -> pc, jmp @instruction
0040 | dr[22:0] -> output address
0041 | acc -> output
0042 | mem(pc)[31:0] -> dr, pc+4 -> pc, jmp @instruction
0043 | halt
-------------------------------------------------
Program executed after 0043 ticks. Final state:
in: 
[]
out: 
[2, 2]
memory_dump:
  [0x0000] 00 00 00 02 00 00 00 02 03 ff ff f4 02 00 00 00
  [0x0010] 07 ff ff ec 03 ff ff ec 02 00 00 00 07 ff ff e4
  [0x0020] 03 ff ff dc 02 00 00 00 07 ff ff d4 03 ff ff d4
  [0x0030] 13 80 00 00 03 ff ff c8 13 80 00 00 00 80 00 00
  [0x0040] 00 00 00 00 00 00 00 00 00 00 00 00 00 00 00 00
  [0x0050] 00 00 00 00 00 00 00 00 00 00 00 00 00 00 00 00
  [0x0060] 00 00 00 00 00 00 00 00 00 00 00 00 00 00 00 00
  [0x0070] 00 00 00 00 00 00 00 00 00 00 00 00 00 00 00 00
