tick | mnemonic
-------------------------------------------------
0001 | mem(pc)[31:0] -> dr, pc+4 -> pc, jmp @instruction
0002 | extended(dr[22:0]) -> acc
0003 | mem(pc)[31:0] -> dr, pc+4 -> pc, jmp @instruction
0004 | acc + extended(dr[22:0]) -> acc
0005 | mem(pc)[31:0] -> dr, pc+4 -> pc, jmp @instruction
0006 | dr[22:0] + pc -> ar
0007 | acc[31:0] -> mem(ar)
0008 | mem(pc)[31:0] -> dr, pc+4 -> pc, jmp @instruction
0009 | dr[22:0] -> ar
0010 | mem(ar)[31:0] -> dr
0011 | dr[22:0] -> ar
0012 | mem(ar)[7:0] -> dr
0013 | dr[7:0] -> acc
0014 | mem(pc)[31:0] -> dr, pc+4 -> pc, jmp @instruction
0015 | dr[22:0] -> output address
0016 | acc -> output
0017 | mem(pc)[31:0] -> dr, pc+4 -> pc, jmp @instruction
0018 | dr[22:0] + pc -> ar
0019 | mem(ar)[31:0] -> dr
0020 | dr[31:0] -> acc
0021 | mem(pc)[31:0] -> dr, pc+4 -> pc, jmp @instruction
0022 | acc + 1 -> acc
0023 | mem(pc)[31:0] -> dr, pc+4 -> pc, jmp @instruction
0024 | dr[22:0] + pc -> ar
0025 | acc[31:0] -> mem(ar)
0026 | mem(pc)[31:0] -> dr, pc+4 -> pc, jmp @instruction
0027 | acc - extended(dr[22:0]) -> acc
0028 | mem(pc)[31:0] -> dr, pc+4 -> pc, jmp @instruction
0029 | acc - extended(dr[22:0]) -> acc
0030 | mem(pc)[31:0] -> dr, pc+4 -> pc, jmp @instruction
0031 | dr[22:0] + pc -> ar
0032 | mem(ar)[31:0] -> dr
0033 | acc - mem(ar) -> acc
0034 | mem(pc)[31:0] -> dr, pc+4 -> pc, jmp @instruction
0035 | if Z set: jmp @fetch
0036 | pc + extended(dr[22:0]) -> pc
0037 | mem(pc)[31:0] -> dr, pc+4 -> pc, jmp @instruction
0038 | dr[22:0] -> ar
0039 | mem(ar)[31:0] -> dr
0040 | dr[22:0] -> ar
0041 | mem(ar)[7:0] -> dr
0042 | dr[7:0] -> acc
0043 | mem(pc)[31:0] -> dr, pc+4 -> pc, jmp @instruction
0044 | dr[22:0] -> output address
0045 | acc -> output
0046 | mem(pc)[31:0] -> dr, pc+4 -> pc, jmp @instruction
0047 | dr[22:0] + pc -> ar
0048 | mem(ar)[31:0] -> dr
0049 | dr[31:0] -> acc
0050 | mem(pc)[31:0] -> dr, pc+4 -> pc, jmp @instruction
0051 | acc + 1 -> acc
0052 | mem(pc)[31:0] -> dr, pc+4 -> pc, jmp @instruction
0053 | dr[22:0] + pc -> ar
0054 | acc[31:0] -> mem(ar)
0055 | mem(pc)[31:0] -> dr, pc+4 -> pc, jmp @instruction
0056 | acc - extended(dr[22:0]) -> acc
0057 | mem(pc)[31:0] -> dr, pc+4 -> pc, jmp @instruction
0058 | acc - extended(dr[22:0]) -> acc
0059 | mem(pc)[31:0] -> dr, pc+4 -> pc, jmp @instruction
0060 | dr[22:0] + pc -> ar
0061 | mem(ar)[31:0] -> dr
0062 | acc - mem(ar) -> acc
0063 | mem(pc)[31:0] -> dr, pc+4 -> pc, jmp @instruction
0064 | if Z set: jmp @fetch
0065 | pc + extended(dr[22:0]) -> pc
0066 | mem(pc)[31:0] -> dr, pc+4 -> pc, jmp @instruction
0067 | dr[22:0] -> ar
0068 | mem(ar)[31:0] -> dr
0069 | dr[22:0] -> ar
0070 | mem(ar)[7:0] -> dr
0071 | dr[7:0] -> acc
0072 | mem(pc)[31:0] -> dr, pc+4 -> pc, jmp @instruction
0073 | dr[22:0] -> output address
0074 | acc -> output
0075 | mem(pc)[31:0] -> dr, pc+4 -> pc, jmp @instruction
0076 | dr[22:0] + pc -> ar
0077 | mem(ar)[31:0] -> dr
0078 | dr[31:0] -> acc
0079 | mem(pc)[31:0] -> dr, pc+4 -> pc, jmp @instruction
0080 | acc + 1 -> acc
0081 | mem(pc)[31:0] -> dr, pc+4 -> pc, jmp @instruction
0082 | dr[22:0] + pc -> ar
0083 | acc[31:0] -> mem(ar)
0084 | mem(pc)[31:0] -> dr, pc+4 -> pc, jmp @instruction
0085 | acc - extended(dr[22:0]) -> acc
0086 | mem(pc)[31:0] -> dr, pc+4 -> pc, jmp @instruction
0087 | acc - extended(dr[22:0]) -> acc
0088 | mem(pc)[31:0] -> dr, pc+4 -> pc, jmp @instruction
0089 | dr[22:0] + pc -> ar
0090 | mem(ar)[31:0] -> dr
0091 | acc - mem(ar) -> acc
0092 | mem(pc)[31:0] -> dr, pc+4 -> pc, jmp @instruction
0093 | if Z set: jmp @fetch
0094 | pc + extended(dr[22:0]) -> pc
0095 | mem(pc)[31:0] -> dr, pc+4 -> pc, jmp @instruction
0096 | dr[22:0] -> ar
0097 | mem(ar)[31:0] -> dr
0098 | dr[22:0] -> ar
0099 | mem(ar)[7:0] -> dr
0100 | dr[7:0] -> acc
0101 | mem(pc)[31:0] -> dr, pc+4 -> pc, jmp @instruction
0102 | dr[22:0] -> output address
0103 | acc -> output
0104 | mem(pc)[31:0] -> dr, pc+4 -> pc, jmp @instruction
0105 | dr[22:0] + pc -> ar
0106 | mem(ar)[31:0] -> dr
0107 | dr[31:0] -> acc
0108 | mem(pc)[31:0] -> dr, pc+4 -> pc, jmp @instruction
0109 | acc + 1 -> acc
0110 | mem(pc)[31:0] -> dr, pc+4 -> pc, jmp @instruction
0111 | dr[22:0] + pc -> ar
0112 | acc[31:0] -> mem(ar)
0113 | mem(pc)[31:0] -> dr, pc+4 -> pc, jmp @instruction
0114 | acc - extended(dr[22:0]) -> acc
0115 | mem(pc)[31:0] -> dr, pc+4 -> pc, jmp @instruction
0116 | acc - extended(dr[22:0]) -> acc
0117 | mem(pc)[31:0] -> dr, pc+4 -> pc, jmp @instruction
0118 | dr[22:0] + pc -> ar
0119 | mem(ar)[31:0] -> dr
0120 | acc - mem(ar) -> acc
0121 | mem(pc)[31:0] -> dr, pc+4 -> pc, jmp @instruction
0122 | if Z set: jmp @fetch
0123 | pc + extended(dr[22:0]) -> pc
0124 | mem(pc)[31:0] -> dr, pc+4 -> pc, jmp @instruction
0125 | dr[22:0] -> ar
0126 | mem(ar)[31:0] -> dr
0127 | dr[22:0] -> ar
0128 | mem(ar)[7:0] -> dr
0129 | dr[7:0] -> acc
0130 | mem(pc)[31:0] -> dr, pc+4 -> pc, jmp @instruction
0131 | dr[22:0] -> output address
0132 | acc -> output
0133 | mem(pc)[31:0] -> dr, pc+4 -> pc, jmp @instruction
0134 | dr[22:0] + pc -> ar
0135 | mem(ar)[31:0] -> dr
0136 | dr[31:0] -> acc
0137 | mem(pc)[31:0] -> dr, pc+4 -> pc, jmp @instruction
0138 | acc + 1 -> acc
0139 | mem(pc)[31:0] -> dr, pc+4 -> pc, jmp @instruction
0140 | dr[22:0] + pc -> ar
0141 | acc[31:0] -> mem(ar)
0142 | mem(pc)[31:0] -> dr, pc+4 -> pc, jmp @instruction
0143 | acc - extended(dr[22:0]) -> acc
0144 | mem(pc)[31:0] -> dr, pc+4 -> pc, jmp @instruction
0145 | acc - extended(dr[22:0]) -> acc
0146 | mem(pc)[31:0] -> dr, pc+4 -> pc, jmp @instruction
0147 | dr[22:0] + pc -> ar
0148 | mem(ar)[31:0] -> dr
0149 | acc - mem(ar) -> acc
0150 | mem(pc)[31:0] -> dr, pc+4 -> pc, jmp @instruction
0151 | if Z set: jmp @fetch
0152 | pc + extended(dr[22:0]) -> pc
0153 | mem(pc)[31:0] -> dr, pc+4 -> pc, jmp @instruction
0154 | dr[22:0] -> ar
0155 | mem(ar)[31:0] -> dr
0156 | dr[22:0] -> ar
0157 | mem(ar)[7:0] -> dr
0158 | dr[7:0] -> acc
0159 | mem(pc)[31:0] -> dr, pc+4 -> pc, jmp @instruction
0160 | dr[22:0] -> output address
0161 | acc -> output
0162 | mem(pc)[31:0] -> dr, pc+4 -> pc, jmp @instruction
0163 | dr[22:0] + pc -> ar
0164 | mem(ar)[31:0] -> dr
0165 | dr[31:0] -> acc
0166 | mem(pc)[31:0] -> dr, pc+4 -> pc, jmp @instruction
0167 | acc + 1 -> acc
0168 | mem(pc)[31:0] -> dr, pc+4 -> pc, jmp @instruction
0169 | dr[22:0] + pc -> ar
0170 | acc[31:0] -> mem(ar)
0171 | mem(pc)[31:0] -> dr, pc+4 -> pc, jmp @instruction
0172 | acc - extended(dr[22:0]) -> acc
0173 | mem(pc)[31:0] -> dr, pc+4 -> pc, jmp @instruction
0174 | acc - extended(dr[22:0]) -> acc
0175 | mem(pc)[31:0] -> dr, pc+4 -> pc, jmp @instruction
0176 | dr[22:0] + pc -> ar
0177 | mem(ar)[31:0] -> dr
0178 | acc - mem(ar) -> acc
0179 | mem(pc)[31:0] -> dr, pc+4 -> pc, jmp @instruction
0180 | if Z set: jmp @fetch
0181 | pc + extended(dr[22:0]) -> pc
0182 | mem(pc)[31:0] -> dr, pc+4 -> pc, jmp @instruction
0183 | dr[22:0] -> ar
0184 | mem(ar)[31:0] -> dr
0185 | dr[22:0] -> ar
0186 | mem(ar)[7:0] -> dr
0187 | dr[7:0] -> acc
0188 | mem(pc)[31:0] -> dr, pc+4 -> pc, jmp @instruction
0189 | dr[22:0] -> output address
0190 | acc -> output
0191 | mem(pc)[31:0] -> dr, pc+4 -> pc, jmp @instruction
0192 | dr[22:0] + pc -> ar
0193 | mem(ar)[31:0] -> dr
0194 | dr[31:0] -> acc
0195 | mem(pc)[31:0] -> dr, pc+4 -> pc, jmp @instruction
0196 | acc + 1 -> acc
0197 | mem(pc)[31:0] -> dr, pc+4 -> pc, jmp @instruction
0198 | dr[22:0] + pc -> ar
0199 | acc[31:0] -> mem(ar)
0200 | mem(pc)[31:0] -> dr, pc+4 -> pc, jmp @instruction
0201 | acc - extended(dr[22:0]) -> acc
0202 | mem(pc)[31:0] -> dr, pc+4 -> pc, jmp @instruction
0203 | acc - extended(dr[22:0]) -> acc
0204 | mem(pc)[31:0] -> dr, pc+4 -> pc, jmp @instruction
0205 | dr[22:0] + pc -> ar
0206 | mem(ar)[31:0] -> dr
0207 | acc - mem(ar) -> acc
0208 | mem(pc)[31:0] -> dr, pc+4 -> pc, jmp @instruction
0209 | if Z set: jmp @fetch
0210 | pc + extended(dr[22:0]) -> pc
0211 | mem(pc)[31:0] -> dr, pc+4 -> pc, jmp @instruction
0212 | dr[22:0] -> ar
0213 | mem(ar)[31:0] -> dr
0214 | dr[22:0] -> ar
0215 | mem(ar)[7:0] -> dr
0216 | dr[7:0] -> acc
0217 | mem(pc)[31:0] -> dr, pc+4 -> pc, jmp @instruction
0218 | dr[22:0] -> output address
0219 | acc -> output
0220 | mem(pc)[31:0] -> dr, pc+4 -> pc, jmp @instruction
0221 | dr[22:0] + pc -> ar
0222 | mem(ar)[31:0] -> dr
0223 | dr[31:0] -> acc
0224 | mem(pc)[31:0] -> dr, pc+4 -> pc, jmp @instruction
0225 | acc + 1 -> acc
0226 | mem(pc)[31:0] -> dr, pc+4 -> pc, jmp @instruction
0227 | dr[22:0] + pc -> ar
0228 | acc[31:0] -> mem(ar)
0229 | mem(pc)[31:0] -> dr, pc+4 -> pc, jmp @instruction
0230 | acc - extended(dr[22:0]) -> acc
0231 | mem(pc)[31:0] -> dr, pc+4 -> pc, jmp @instruction
0232 | acc - extended(dr[22:0]) -> acc
0233 | mem(pc)[31:0] -> dr, pc+4 -> pc, jmp @instruction
0234 | dr[22:0] + pc -> ar
0235 | mem(ar)[31:0] -> dr
0236 | acc - mem(ar) -> acc
0237 | mem(pc)[31:0] -> dr, pc+4 -> pc, jmp @instruction
0238 | if Z set: jmp @fetch
0239 | pc + extended(dr[22:0]) -> pc
0240 | mem(pc)[31:0] -> dr, pc+4 -> pc, jmp @instruction
0241 | dr[22:0] -> ar
0242 | mem(ar)[31:0] -> dr
0243 | dr[22:0] -> ar
0244 | mem(ar)[7:0] -> dr
0245 | dr[7:0] -> acc
0246 | mem(pc)[31:0] -> dr, pc+4 -> pc, jmp @instruction
0247 | dr[22:0] -> output address
0248 | acc -> output
0249 | mem(pc)[31:0] -> dr, pc+4 -> pc, jmp @instruction
0250 | dr[22:0] + pc -> ar
0251 | mem(ar)[31:0] -> dr
0252 | dr[31:0] -> acc
0253 | mem(pc)[31:0] -> dr, pc+4 -> pc, jmp @instruction
0254 | acc + 1 -> acc
0255 | mem(pc)[31:0] -> dr, pc+4 -> pc, jmp @instruction
0256 | dr[22:0] + pc -> ar
0257 | acc[31:0] -> mem(ar)
0258 | mem(pc)[31:0] -> dr, pc+4 -> pc, jmp @instruction
0259 | acc - extended(dr[22:0]) -> acc
0260 | mem(pc)[31:0] -> dr, pc+4 -> pc, jmp @instruction
0261 | acc - extended(dr[22:0]) -> acc
0262 | mem(pc)[31:0] -> dr, pc+4 -> pc, jmp @instruction
0263 | dr[22:0] + pc -> ar
0264 | mem(ar)[31:0] -> dr
0265 | acc - mem(ar) -> acc
0266 | mem(pc)[31:0] -> dr, pc+4 -> pc, jmp @instruction
0267 | if Z set: jmp @fetch
0268 | pc + extended(dr[22:0]) -> pc
0269 | mem(pc)[31:0] -> dr, pc+4 -> pc, jmp @instruction
0270 | dr[22:0] -> ar
0271 | mem(ar)[31:0] -> dr
0272 | dr[22:0] -> ar
0273 | mem(ar)[7:0] -> dr
0274 | dr[7:0] -> acc
0275 | mem(pc)[31:0] -> dr, pc+4 -> pc, jmp @instruction
0276 | dr[22:0] -> output address
0277 | acc -> output
0278 | mem(pc)[31:0] -> dr, pc+4 -> pc, jmp @instruction
0279 | dr[22:0] + pc -> ar
0280 | mem(ar)[31:0] -> dr
0281 | dr[31:0] -> acc
0282 | mem(pc)[31:0] -> dr, pc+4 -> pc, jmp @instruction
0283 | acc + 1 -> acc
0284 | mem(pc)[31:0] -> dr, pc+4 -> pc, jmp @instruction
0285 | dr[22:0] + pc -> ar
0286 | acc[31:0] -> mem(ar)
0287 | mem(pc)[31:0] -> dr, pc+4 -> pc, jmp @instruction
0288 | acc - extended(dr[22:0]) -> acc
0289 | mem(pc)[31:0] -> dr, pc+4 -> pc, jmp @instruction
0290 | acc - extended(dr[22:0]) -> acc
0291 | mem(pc)[31:0] -> dr, pc+4 -> pc, jmp @instruction
0292 | dr[22:0] + pc -> ar
0293 | mem(ar)[31:0] -> dr
0294 | acc - mem(ar) -> acc
0295 | mem(pc)[31:0] -> dr, pc+4 -> pc, jmp @instruction
0296 | if Z set: jmp @fetch
0297 | pc + extended(dr[22:0]) -> pc
0298 | mem(pc)[31:0] -> dr, pc+4 -> pc, jmp @instruction
0299 | dr[22:0] -> ar
0300 | mem(ar)[31:0] -> dr
0301 | dr[22:0] -> ar
0302 | mem(ar)[7:0] -> dr
0303 | dr[7:0] -> acc
0304 | mem(pc)[31:0] -> dr, pc+4 -> pc, jmp @instruction
0305 | dr[22:0] -> output address
0306 | acc -> output
0307 | mem(pc)[31:0] -> dr, pc+4 -> pc, jmp @instruction
0308 | dr[22:0] + pc -> ar
0309 | mem(ar)[31:0] -> dr
0310 | dr[31:0] -> acc
0311 | mem(pc)[31:0] -> dr, pc+4 -> pc, jmp @instruction
0312 | acc + 1 -> acc
0313 | mem(pc)[31:0] -> dr, pc+4 -> pc, jmp @instruction
0314 | dr[22:0] + pc -> ar
0315 | acc[31:0] -> mem(ar)
0316 | mem(pc)[31:0] -> dr, pc+4 -> pc, jmp @instruction
0317 | acc - extended(dr[22:0]) -> acc
0318 | mem(pc)[31:0] -> dr, pc+4 -> pc, jmp @instruction
0319 | acc - extended(dr[22:0]) -> acc
0320 | mem(pc)[31:0] -> dr, pc+4 -> pc, jmp @instruction
0321 | dr[22:0] + pc -> ar
0322 | mem(ar)[31:0] -> dr
0323 | acc - mem(ar) -> acc
0324 | mem(pc)[31:0] -> dr, pc+4 -> pc, jmp @instruction
0325 | if Z set: jmp @fetch
0326 | pc + extended(dr[22:0]) -> pc
0327 | mem(pc)[31:0] -> dr, pc+4 -> pc, jmp @instruction
0328 | dr[22:0] -> ar
0329 | mem(ar)[31:0] -> dr
0330 | dr[22:0] -> ar
0331 | mem(ar)[7:0] -> dr
0332 | dr[7:0] -> acc
0333 | mem(pc)[31:0] -> dr, pc+4 -> pc, jmp @instruction
0334 | dr[22:0] -> output address
0335 | acc -> output
0336 | mem(pc)[31:0] -> dr, pc+4 -> pc, jmp @instruction
0337 | dr[22:0] + pc -> ar
0338 | mem(ar)[31:0] -> dr
0339 | dr[31:0] -> acc
0340 | mem(pc)[31:0] -> dr, pc+4 -> pc, jmp @instruction
0341 | acc + 1 -> acc
0342 | mem(pc)[31:0] -> dr, pc+4 -> pc, jmp @instruction
0343 | dr[22:0] + pc -> ar
0344 | acc[31:0] -> mem(ar)
0345 | mem(pc)[31:0] -> dr, pc+4 -> pc, jmp @instruction
0346 | acc - extended(dr[22:0]) -> acc
0347 | mem(pc)[31:0] -> dr, pc+4 -> pc, jmp @instruction
0348 | acc - extended(dr[22:0]) -> acc
0349 | mem(pc)[31:0] -> dr, pc+4 -> pc, jmp @instruction
0350 | dr[22:0] + pc -> ar
0351 | mem(ar)[31:0] -> dr
0352 | acc - mem(ar) -> acc
0353 | mem(pc)[31:0] -> dr, pc+4 -> pc, jmp @instruction
0354 | if Z set: jmp @fetch
0355 | pc + extended(dr[22:0]) -> pc
0356 | mem(pc)[31:0] -> dr, pc+4 -> pc, jmp @instruction
0357 | dr[22:0] -> ar
0358 | mem(ar)[31:0] -> dr
0359 | dr[22:0] -> ar
0360 | mem(ar)[7:0] -> dr
0361 | dr[7:0] -> acc
0362 | mem(pc)[31:0] -> dr, pc+4 -> pc, jmp @instruction
0363 | dr[22:0] -> output address
0364 | acc -> output
0365 | mem(pc)[31:0] -> dr, pc+4 -> pc, jmp @instruction
0366 | dr[22:0] + pc -> ar
0367 | mem(ar)[31:0] -> dr
0368 | dr[31:0] -> acc
0369 | mem(pc)[31:0] -> dr, pc+4 -> pc, jmp @instruction
0370 | acc + 1 -> acc
0371 | mem(pc)[31:0] -> dr, pc+4 -> pc, jmp @instruction
0372 | dr[22:0] + pc -> ar
0373 | acc[31:0] -> mem(ar)
0374 | mem(pc)[31:0] -> dr, pc+4 -> pc, jmp @instruction
0375 | acc - extended(dr[22:0]) -> acc
0376 | mem(pc)[31:0] -> dr, pc+4 -> pc, jmp @instruction
0377 | acc - extended(dr[22:0]) -> acc
0378 | mem(pc)[31:0] -> dr, pc+4 -> pc, jmp @instruction
0379 | dr[22:0] + pc -> ar
0380 | mem(ar)[31:0] -> dr
0381 | acc - mem(ar) -> acc
0382 | mem(pc)[31:0] -> dr, pc+4 -> pc, jmp @instruction
0383 | if Z set: jmp @fetch
0384 | pc + extended(dr[22:0]) -> pc
0385 | mem(pc)[31:0] -> dr, pc+4 -> pc, jmp @instruction
0386 | dr[22:0] -> ar
0387 | mem(ar)[31:0] -> dr
0388 | dr[22:0] -> ar
0389 | mem(ar)[7:0] -> dr
0390 | dr[7:0] -> acc
0391 | mem(pc)[31:0] -> dr, pc+4 -> pc, jmp @instruction
0392 | dr[22:0] -> output address
0393 | acc -> output
0394 | mem(pc)[31:0] -> dr, pc+4 -> pc, jmp @instruction
0395 | dr[22:0] + pc -> ar
0396 | mem(ar)[31:0] -> dr
0397 | dr[31:0] -> acc
0398 | mem(pc)[31:0] -> dr, pc+4 -> pc, jmp @instruction
0399 | acc + 1 -> acc
0400 | mem(pc)[31:0] -> dr, pc+4 -> pc, jmp @instruction
0401 | dr[22:0] + pc -> ar
0402 | acc[31:0] -> mem(ar)
0403 | mem(pc)[31:0] -> dr, pc+4 -> pc, jmp @instruction
0404 | acc - extended(dr[22:0]) -> acc
0405 | mem(pc)[31:0] -> dr, pc+4 -> pc, jmp @instruction
0406 | acc - extended(dr[22:0]) -> acc
0407 | mem(pc)[31:0] -> dr, pc+4 -> pc, jmp @instruction
0408 | dr[22:0] + pc -> ar
0409 | mem(ar)[31:0] -> dr
0410 | acc - mem(ar) -> acc
0411 | mem(pc)[31:0] -> dr, pc+4 -> pc, jmp @instruction
0412 | if Z set: jmp @fetch
0413 | pc + extended(dr[22:0]) -> pc
0414 | mem(pc)[31:0] -> dr, pc+4 -> pc, jmp @instruction
0415 | dr[22:0] -> ar
0416 | mem(ar)[31:0] -> dr
0417 | dr[22:0] -> ar
0418 | mem(ar)[7:0] -> dr
0419 | dr[7:0] -> acc
0420 | mem(pc)[31:0] -> dr, pc+4 -> pc, jmp @instruction
0421 | dr[22:0] -> output address
0422 | acc -> output
0423 | mem(pc)[31:0] -> dr, pc+4 -> pc, jmp @instruction
0424 | dr[22:0] + pc -> ar
0425 | mem(ar)[31:0] -> dr
0426 | dr[31:0] -> acc
0427 | mem(pc)[31:0] -> dr, pc+4 -> pc, jmp @instruction
0428 | acc + 1 -> acc
0429 | mem(pc)[31:0] -> dr, pc+4 -> pc, jmp @instruction
0430 | dr[22:0] + pc -> ar
0431 | acc[31:0] -> mem(ar)
0432 | mem(pc)[31:0] -> dr, pc+4 -> pc, jmp @instruction
0433 | acc - extended(dr[22:0]) -> acc
0434 | mem(pc)[31:0] -> dr, pc+4 -> pc, jmp @instruction
0435 | acc - extended(dr[22:0]) -> acc
0436 | mem(pc)[31:0] -> dr, pc+4 -> pc, jmp @instruction
0437 | dr[22:0] + pc -> ar
0438 | mem(ar)[31:0] -> dr
0439 | acc - mem(ar) -> acc
0440 | mem(pc)[31:0] -> dr, pc+4 -> pc, jmp @instruction
0441 | if Z set: jmp @fetch
0442 | pc + extended(dr[22:0]) -> pc
0443 | mem(pc)[31:0] -> dr, pc+4 -> pc, jmp @instruction
0444 | dr[22:0] -> ar
0445 | mem(ar)[31:0] -> dr
0446 | dr[22:0] -> ar
0447 | mem(ar)[7:0] -> dr
0448 | dr[7:0] -> acc
0449 | mem(pc)[31:0] -> dr, pc+4 -> pc, jmp @instruction
0450 | dr[22:0] -> output address
0451 | acc -> output
0452 | mem(pc)[31:0] -> dr, pc+4 -> pc, jmp @instruction
0453 | dr[22:0] + pc -> ar
0454 | mem(ar)[31:0] -> dr
0455 | dr[31:0] -> acc
0456 | mem(pc)[31:0] -> dr, pc+4 -> pc, jmp @instruction
0457 | acc + 1 -> acc
0458 | mem(pc)[31:0] -> dr, pc+4 -> pc, jmp @instruction
0459 | dr[22:0] + pc -> ar
0460 | acc[31:0] -> mem(ar)
0461 | mem(pc)[31:0] -> dr, pc+4 -> pc, jmp @instruction
0462 | acc - extended(dr[22:0]) -> acc
0463 | mem(pc)[31:0] -> dr, pc+4 -> pc, jmp @instruction
0464 | acc - extended(dr[22:0]) -> acc
0465 | mem(pc)[31:0] -> dr, pc+4 -> pc, jmp @instruction
0466 | dr[22:0] + pc -> ar
0467 | mem(ar)[31:0] -> dr
0468 | acc - mem(ar) -> acc
0469 | mem(pc)[31:0] -> dr, pc+4 -> pc, jmp @instruction
0470 | if Z set: jmp @fetch
0471 | pc + extended(dr[22:0]) -> pc
0472 | mem(pc)[31:0] -> dr, pc+4 -> pc, jmp @instruction
0473 | dr[22:0] -> ar
0474 | mem(ar)[31:0] -> dr
0475 | dr[22:0] -> ar
0476 | mem(ar)[7:0] -> dr
0477 | dr[7:0] -> acc
0478 | mem(pc)[31:0] -> dr, pc+4 -> pc, jmp @instruction
0479 | dr[22:0] -> output address
0480 | acc -> output
0481 | mem(pc)[31:0] -> dr, pc+4 -> pc, jmp @instruction
0482 | dr[22:0] + pc -> ar
0483 | mem(ar)[31:0] -> dr
0484 | dr[31:0] -> acc
0485 | mem(pc)[31:0] -> dr, pc+4 -> pc, jmp @instruction
0486 | acc + 1 -> acc
0487 | mem(pc)[31:0] -> dr, pc+4 -> pc, jmp @instruction
0488 | dr[22:0] + pc -> ar
0489 | acc[31:0] -> mem(ar)
0490 | mem(pc)[31:0] -> dr, pc+4 -> pc, jmp @instruction
0491 | acc - extended(dr[22:0]) -> acc
0492 | mem(pc)[31:0] -> dr, pc+4 -> pc, jmp @instruction
0493 | acc - extended(dr[22:0]) -> acc
0494 | mem(pc)[31:0] -> dr, pc+4 -> pc, jmp @instruction
0495 | dr[22:0] + pc -> ar
0496 | mem(ar)[31:0] -> dr
0497 | acc - mem(ar) -> acc
0498 | mem(pc)[31:0] -> dr, pc+4 -> pc, jmp @instruction
0499 | if Z set: jmp @fetch
0500 | pc + extended(dr[22:0]) -> pc
0501 | mem(pc)[31:0] -> dr, pc+4 -> pc, jmp @instruction
0502 | dr[22:0] -> ar
0503 | mem(ar)[31:0] -> dr
0504 | dr[22:0] -> ar
0505 | mem(ar)[7:0] -> dr
0506 | dr[7:0] -> acc
0507 | mem(pc)[31:0] -> dr, pc+4 -> pc, jmp @instruction
0508 | dr[22:0] -> output address
0509 | acc -> output
0510 | mem(pc)[31:0] -> dr, pc+4 -> pc, jmp @instruction
0511 | dr[22:0] + pc -> ar
0512 | mem(ar)[31:0] -> dr
0513 | dr[31:0] -> acc
0514 | mem(pc)[31:0] -> dr, pc+4 -> pc, jmp @instruction
0515 | acc + 1 -> acc
0516 | mem(pc)[31:0] -> dr, pc+4 -> pc, jmp @instruction
0517 | dr[22:0] + pc -> ar
0518 | acc[31:0] -> mem(ar)
0519 | mem(pc)[31:0] -> dr, pc+4 -> pc, jmp @instruction
0520 | acc - extended(dr[22:0]) -> acc
0521 | mem(pc)[31:0] -> dr, pc+4 -> pc, jmp @instruction
0522 | acc - extended(dr[22:0]) -> acc
0523 | mem(pc)[31:0] -> dr, pc+4 -> pc, jmp @instruction
0524 | dr[22:0] + pc -> ar
0525 | mem(ar)[31:0] -> dr
0526 | acc - mem(ar) -> acc
0527 | mem(pc)[31:0] -> dr, pc+4 -> pc, jmp @instruction
0528 | if Z set: jmp @fetch
0529 | mem(pc)[31:0] -> dr, pc+4 -> pc, jmp @instruction
0530 | extended(dr[22:0]) -> acc
0531 | mem(pc)[31:0] -> dr, pc+4 -> pc, jmp @instruction
0532 | acc + extended(dr[22:0]) -> acc
0533 | mem(pc)[31:0] -> dr, pc+4 -> pc, jmp @instruction
0534 | dr[22:0] + pc -> ar
0535 | mem(ar)[31:0] -> dr
0536 | acc + mem(ar) -> acc
0537 | mem(pc)[31:0] -> dr, pc+4 -> pc, jmp @instruction
0538 | dr[22:0] + pc -> ar
0539 | acc[31:0] -> mem(ar)
0540 | mem(pc)[31:0] -> dr, pc+4 -> pc, jmp @instruction
0541 | dr[22:0] -> input address
0542 | input -> acc
0543 | mem(pc)[31:0] -> dr, pc+4 -> pc, jmp @instruction
0544 | dr[22:0] + pc -> ar
0545 | acc[31:0] -> mem(ar)
0546 | mem(pc)[31:0] -> dr, pc+4 -> pc, jmp @instruction
0547 | dr[22:0] -> input address
0548 | input -> acc
0549 | mem(pc)[31:0] -> dr, pc+4 -> pc, jmp @instruction
0550 | dr[22:0] -> ar
0551 | mem(ar)[31:0] -> dr
0552 | dr[22:0] -> ar
0553 | acc[7:0] -> mem(ar)
0554 | mem(pc)[31:0] -> dr, pc+4 -> pc, jmp @instruction
0555 | dr[22:0] + pc -> ar
0556 | mem(ar)[31:0] -> dr
0557 | dr[31:0] -> acc
0558 | mem(pc)[31:0] -> dr, pc+4 -> pc, jmp @instruction
0559 | acc + 1 -> acc
0560 | mem(pc)[31:0] -> dr, pc+4 -> pc, jmp @instruction
0561 | dr[22:0] + pc -> ar
0562 | acc[31:0] -> mem(ar)
0563 | mem(pc)[31:0] -> dr, pc+4 -> pc, jmp @instruction
0564 | acc - extended(dr[22:0]) -> acc
0565 | mem(pc)[31:0] -> dr, pc+4 -> pc, jmp @instruction
0566 | acc - extended(dr[22:0]) -> acc
0567 | mem(pc)[31:0] -> dr, pc+4 -> pc, jmp @instruction
0568 | dr[22:0] + pc -> ar
0569 | mem(ar)[31:0] -> dr
0570 | acc - mem(ar) -> acc
0571 | mem(pc)[31:0] -> dr, pc+4 -> pc, jmp @instruction
0572 | dr[22:0] + pc -> ar
0573 | mem(ar)[31:0] -> dr
0574 | acc - mem(ar) -> acc
0575 | mem(pc)[31:0] -> dr, pc+4 -> pc, jmp @instruction
0576 | if Z set: jmp @fetch
0577 | pc + extended(dr[22:0]) -> pc
0578 | mem(pc)[31:0] -> dr, pc+4 -> pc, jmp @instruction
0579 | dr[22:0] -> input address
0580 | input -> acc
0581 | mem(pc)[31:0] -> dr, pc+4 -> pc, jmp @instruction
0582 | dr[22:0] -> ar
0583 | mem(ar)[31:0] -> dr
0584 | dr[22:0] -> ar
0585 | acc[7:0] -> mem(ar)
0586 | mem(pc)[31:0] -> dr, pc+4 -> pc, jmp @instruction
0587 | dr[22:0] + pc -> ar
0588 | mem(ar)[31:0] -> dr
0589 | dr[31:0] -> acc
0590 | mem(pc)[31:0] -> dr, pc+4 -> pc, jmp @instruction
0591 | acc + 1 -> acc
0592 | mem(pc)[31:0] -> dr, pc+4 -> pc, jmp @instruction
0593 | dr[22:0] + pc -> ar
0594 | acc[31:0] -> mem(ar)
0595 | mem(pc)[31:0] -> dr, pc+4 -> pc, jmp @instruction
0596 | acc - extended(dr[22:0]) -> acc
0597 | mem(pc)[31:0] -> dr, pc+4 -> pc, jmp @instruction
0598 | acc - extended(dr[22:0]) -> acc
0599 | mem(pc)[31:0] -> dr, pc+4 -> pc, jmp @instruction
0600 | dr[22:0] + pc -> ar
0601 | mem(ar)[31:0] -> dr
0602 | acc - mem(ar) -> acc
0603 | mem(pc)[31:0] -> dr, pc+4 -> pc, jmp @instruction
0604 | dr[22:0] + pc -> ar
0605 | mem(ar)[31:0] -> dr
0606 | acc - mem(ar) -> acc
0607 | mem(pc)[31:0] -> dr, pc+4 -> pc, jmp @instruction
0608 | if Z set: jmp @fetch
0609 | pc + extended(dr[22:0]) -> pc
0610 | mem(pc)[31:0] -> dr, pc+4 -> pc, jmp @instruction
0611 | dr[22:0] -> input address
0612 | input -> acc
0613 | mem(pc)[31:0] -> dr, pc+4 -> pc, jmp @instruction
0614 | dr[22:0] -> ar
0615 | mem(ar)[31:0] -> dr
0616 | dr[22:0] -> ar
0617 | acc[7:0] -> mem(ar)
0618 | mem(pc)[31:0] -> dr, pc+4 -> pc, jmp @instruction
0619 | dr[22:0] + pc -> ar
0620 | mem(ar)[31:0] -> dr
0621 | dr[31:0] -> acc
0622 | mem(pc)[31:0] -> dr, pc+4 -> pc, jmp @instruction
0623 | acc + 1 -> acc
0624 | mem(pc)[31:0] -> dr, pc+4 -> pc, jmp @instruction
0625 | dr[22:0] + pc -> ar
0626 | acc[31:0] -> mem(ar)
0627 | mem(pc)[31:0] -> dr, pc+4 -> pc, jmp @instruction
0628 | acc - extended(dr[22:0]) -> acc
0629 | mem(pc)[31:0] -> dr, pc+4 -> pc, jmp @instruction
0630 | acc - extended(dr[22:0]) -> acc
0631 | mem(pc)[31:0] -> dr, pc+4 -> pc, jmp @instruction
0632 | dr[22:0] + pc -> ar
0633 | mem(ar)[31:0] -> dr
0634 | acc - mem(ar) -> acc
0635 | mem(pc)[31:0] -> dr, pc+4 -> pc, jmp @instruction
0636 | dr[22:0] + pc -> ar
0637 | mem(ar)[31:0] -> dr
0638 | acc - mem(ar) -> acc
0639 | mem(pc)[31:0] -> dr, pc+4 -> pc, jmp @instruction
0640 | if Z set: jmp @fetch
0641 | pc + extended(dr[22:0]) -> pc
0642 | mem(pc)[31:0] -> dr, pc+4 -> pc, jmp @instruction
0643 | dr[22:0] -> input address
0644 | input -> acc
0645 | mem(pc)[31:0] -> dr, pc+4 -> pc, jmp @instruction
0646 | dr[22:0] -> ar
0647 | mem(ar)[31:0] -> dr
0648 | dr[22:0] -> ar
0649 | acc[7:0] -> mem(ar)
0650 | mem(pc)[31:0] -> dr, pc+4 -> pc, jmp @instruction
0651 | dr[22:0] + pc -> ar
0652 | mem(ar)[31:0] -> dr
0653 | dr[31:0] -> acc
0654 | mem(pc)[31:0] -> dr, pc+4 -> pc, jmp @instruction
0655 | acc + 1 -> acc
0656 | mem(pc)[31:0] -> dr, pc+4 -> pc, jmp @instruction
0657 | dr[22:0] + pc -> ar
0658 | acc[31:0] -> mem(ar)
0659 | mem(pc)[31:0] -> dr, pc+4 -> pc, jmp @instruction
0660 | acc - extended(dr[22:0]) -> acc
0661 | mem(pc)[31:0] -> dr, pc+4 -> pc, jmp @instruction
0662 | acc - extended(dr[22:0]) -> acc
0663 | mem(pc)[31:0] -> dr, pc+4 -> pc, jmp @instruction
0664 | dr[22:0] + pc -> ar
0665 | mem(ar)[31:0] -> dr
0666 | acc - mem(ar) -> acc
0667 | mem(pc)[31:0] -> dr, pc+4 -> pc, jmp @instruction
0668 | dr[22:0] + pc -> ar
0669 | mem(ar)[31:0] -> dr
0670 | acc - mem(ar) -> acc
0671 | mem(pc)[31:0] -> dr, pc+4 -> pc, jmp @instruction
0672 | if Z set: jmp @fetch
0673 | pc + extended(dr[22:0]) -> pc
0674 | mem(pc)[31:0] -> dr, pc+4 -> pc, jmp @instruction
0675 | dr[22:0] -> input address
0676 | input -> acc
0677 | mem(pc)[31:0] -> dr, pc+4 -> pc, jmp @instruction
0678 | dr[22:0] -> ar
0679 | mem(ar)[31:0] -> dr
0680 | dr[22:0] -> ar
0681 | acc[7:0] -> mem(ar)
0682 | mem(pc)[31:0] -> dr, pc+4 -> pc, jmp @instruction
0683 | dr[22:0] + pc -> ar
0684 | mem(ar)[31:0] -> dr
0685 | dr[31:0] -> acc
0686 | mem(pc)[31:0] -> dr, pc+4 -> pc, jmp @instruction
0687 | acc + 1 -> acc
0688 | mem(pc)[31:0] -> dr, pc+4 -> pc, jmp @instruction
0689 | dr[22:0] + pc -> ar
0690 | acc[31:0] -> mem(ar)
0691 | mem(pc)[31:0] -> dr, pc+4 -> pc, jmp @instruction
0692 | acc - extended(dr[22:0]) -> acc
0693 | mem(pc)[31:0] -> dr, pc+4 -> pc, jmp @instruction
0694 | acc - extended(dr[22:0]) -> acc
0695 | mem(pc)[31:0] -> dr, pc+4 -> pc, jmp @instruction
0696 | dr[22:0] + pc -> ar
0697 | mem(ar)[31:0] -> dr
0698 | acc - mem(ar) -> acc
0699 | mem(pc)[31:0] -> dr, pc+4 -> pc, jmp @instruction
0700 | dr[22:0] + pc -> ar
0701 | mem(ar)[31:0] -> dr
0702 | acc - mem(ar) -> acc
0703 | mem(pc)[31:0] -> dr, pc+4 -> pc, jmp @instruction
0704 | if Z set: jmp @fetch
0705 | pc + extended(dr[22:0]) -> pc
0706 | mem(pc)[31:0] -> dr, pc+4 -> pc, jmp @instruction
0707 | dr[22:0] -> input address
0708 | input -> acc
0709 | mem(pc)[31:0] -> dr, pc+4 -> pc, jmp @instruction
0710 | dr[22:0] -> ar
0711 | mem(ar)[31:0] -> dr
0712 | dr[22:0] -> ar
0713 | acc[7:0] -> mem(ar)
0714 | mem(pc)[31:0] -> dr, pc+4 -> pc, jmp @instruction
0715 | dr[22:0] + pc -> ar
0716 | mem(ar)[31:0] -> dr
0717 | dr[31:0] -> acc
0718 | mem(pc)[31:0] -> dr, pc+4 -> pc, jmp @instruction
0719 | acc + 1 -> acc
0720 | mem(pc)[31:0] -> dr, pc+4 -> pc, jmp @instruction
0721 | dr[22:0] + pc -> ar
0722 | acc[31:0] -> mem(ar)
0723 | mem(pc)[31:0] -> dr, pc+4 -> pc, jmp @instruction
0724 | acc - extended(dr[22:0]) -> acc
0725 | mem(pc)[31:0] -> dr, pc+4 -> pc, jmp @instruction
0726 | acc - extended(dr[22:0]) -> acc
0727 | mem(pc)[31:0] -> dr, pc+4 -> pc, jmp @instruction
0728 | dr[22:0] + pc -> ar
0729 | mem(ar)[31:0] -> dr
0730 | acc - mem(ar) -> acc
0731 | mem(pc)[31:0] -> dr, pc+4 -> pc, jmp @instruction
0732 | dr[22:0] + pc -> ar
0733 | mem(ar)[31:0] -> dr
0734 | acc - mem(ar) -> acc
0735 | mem(pc)[31:0] -> dr, pc+4 -> pc, jmp @instruction
0736 | if Z set: jmp @fetch
0737 | pc + extended(dr[22:0]) -> pc
0738 | mem(pc)[31:0] -> dr, pc+4 -> pc, jmp @instruction
0739 | dr[22:0] -> input address
0740 | input -> acc
0741 | mem(pc)[31:0] -> dr, pc+4 -> pc, jmp @instruction
0742 | dr[22:0] -> ar
0743 | mem(ar)[31:0] -> dr
0744 | dr[22:0] -> ar
0745 | acc[7:0] -> mem(ar)
0746 | mem(pc)[31:0] -> dr, pc+4 -> pc, jmp @instruction
0747 | dr[22:0] + pc -> ar
0748 | mem(ar)[31:0] -> dr
0749 | dr[31:0] -> acc
0750 | mem(pc)[31:0] -> dr, pc+4 -> pc, jmp @instruction
0751 | acc + 1 -> acc
0752 | mem(pc)[31:0] -> dr, pc+4 -> pc, jmp @instruction
0753 | dr[22:0] + pc -> ar
0754 | acc[31:0] -> mem(ar)
0755 | mem(pc)[31:0] -> dr, pc+4 -> pc, jmp @instruction
0756 | acc - extended(dr[22:0]) -> acc
0757 | mem(pc)[31:0] -> dr, pc+4 -> pc, jmp @instruction
0758 | acc - extended(dr[22:0]) -> acc
0759 | mem(pc)[31:0] -> dr, pc+4 -> pc, jmp @instruction
0760 | dr[22:0] + pc -> ar
0761 | mem(ar)[31:0] -> dr
0762 | acc - mem(ar) -> acc
0763 | mem(pc)[31:0] -> dr, pc+4 -> pc, jmp @instruction
0764 | dr[22:0] + pc -> ar
0765 | mem(ar)[31:0] -> dr
0766 | acc - mem(ar) -> acc
0767 | mem(pc)[31:0] -> dr, pc+4 -> pc, jmp @instruction
0768 | if Z set: jmp @fetch
0769 | pc + extended(dr[22:0]) -> pc
0770 | mem(pc)[31:0] -> dr, pc+4 -> pc, jmp @instruction
0771 | dr[22:0] -> input address
0772 | input -> acc
0773 | mem(pc)[31:0] -> dr, pc+4 -> pc, jmp @instruction
0774 | dr[22:0] -> ar
0775 | mem(ar)[31:0] -> dr
0776 | dr[22:0] -> ar
0777 | acc[7:0] -> mem(ar)
0778 | mem(pc)[31:0] -> dr, pc+4 -> pc, jmp @instruction
0779 | dr[22:0] + pc -> ar
0780 | mem(ar)[31:0] -> dr
0781 | dr[31:0] -> acc
0782 | mem(pc)[31:0] -> dr, pc+4 -> pc, jmp @instruction
0783 | acc + 1 -> acc
0784 | mem(pc)[31:0] -> dr, pc+4 -> pc, jmp @instruction
0785 | dr[22:0] + pc -> ar
0786 | acc[31:0] -> mem(ar)
0787 | mem(pc)[31:0] -> dr, pc+4 -> pc, jmp @instruction
0788 | acc - extended(dr[22:0]) -> acc
0789 | mem(pc)[31:0] -> dr, pc+4 -> pc, jmp @instruction
0790 | acc - extended(dr[22:0]) -> acc
0791 | mem(pc)[31:0] -> dr, pc+4 -> pc, jmp @instruction
0792 | dr[22:0] + pc -> ar
0793 | mem(ar)[31:0] -> dr
0794 | acc - mem(ar) -> acc
0795 | mem(pc)[31:0] -> dr, pc+4 -> pc, jmp @instruction
0796 | dr[22:0] + pc -> ar
0797 | mem(ar)[31:0] -> dr
0798 | acc - mem(ar) -> acc
0799 | mem(pc)[31:0] -> dr, pc+4 -> pc, jmp @instruction
0800 | if Z set: jmp @fetch
0801 | pc + extended(dr[22:0]) -> pc
0802 | mem(pc)[31:0] -> dr, pc+4 -> pc, jmp @instruction
0803 | dr[22:0] -> input address
0804 | input -> acc
0805 | mem(pc)[31:0] -> dr, pc+4 -> pc, jmp @instruction
0806 | dr[22:0] -> ar
0807 | mem(ar)[31:0] -> dr
0808 | dr[22:0] -> ar
0809 | acc[7:0] -> mem(ar)
0810 | mem(pc)[31:0] -> dr, pc+4 -> pc, jmp @instruction
0811 | dr[22:0] + pc -> ar
0812 | mem(ar)[31:0] -> dr
0813 | dr[31:0] -> acc
0814 | mem(pc)[31:0] -> dr, pc+4 -> pc, jmp @instruction
0815 | acc + 1 -> acc
0816 | mem(pc)[31:0] -> dr, pc+4 -> pc, jmp @instruction
0817 | dr[22:0] + pc -> ar
0818 | acc[31:0] -> mem(ar)
0819 | mem(pc)[31:0] -> dr, pc+4 -> pc, jmp @instruction
0820 | acc - extended(dr[22:0]) -> acc
0821 | mem(pc)[31:0] -> dr, pc+4 -> pc, jmp @instruction
0822 | acc - extended(dr[22:0]) -> acc
0823 | mem(pc)[31:0] -> dr, pc+4 -> pc, jmp @instruction
0824 | dr[22:0] + pc -> ar
0825 | mem(ar)[31:0] -> dr
0826 | acc - mem(ar) -> acc
0827 | mem(pc)[31:0] -> dr, pc+4 -> pc, jmp @instruction
0828 | dr[22:0] + pc -> ar
0829 | mem(ar)[31:0] -> dr
0830 | acc - mem(ar) -> acc
0831 | mem(pc)[31:0] -> dr, pc+4 -> pc, jmp @instruction
0832 | if Z set: jmp @fetch
0833 | mem(pc)[31:0] -> dr, pc+4 -> pc, jmp @instruction
0834 | dr[22:0] + pc -> ar
0835 | mem(ar)[31:0] -> dr
0836 | dr[31:0] -> acc
0837 | mem(pc)[31:0] -> dr, pc+4 -> pc, jmp @instruction
0838 | dr[22:0] + pc -> ar
0839 | mem(ar)[31:0] -> dr
0840 | acc + mem(ar) -> acc
0841 | mem(pc)[31:0] -> dr, pc+4 -> pc, jmp @instruction
0842 | dr[22:0] + pc -> ar
0843 | acc[31:0] -> mem(ar)
0844 | mem(pc)[31:0] -> dr, pc+4 -> pc, jmp @instruction
0845 | extended(dr[22:0]) -> acc
0846 | mem(pc)[31:0] -> dr, pc+4 -> pc, jmp @instruction
0847 | acc + extended(dr[22:0]) -> acc
0848 | mem(pc)[31:0] -> dr, pc+4 -> pc, jmp @instruction
0849 | dr[22:0] + pc -> ar
0850 | acc[31:0] -> mem(ar)
0851 | mem(pc)[31:0] -> dr, pc+4 -> pc, jmp @instruction
0852 | dr[22:0] -> ar
0853 | mem(ar)[31:0] -> dr
0854 | dr[22:0] -> ar
0855 | mem(ar)[7:0] -> dr
0856 | dr[7:0] -> acc
0857 | mem(pc)[31:0] -> dr, pc+4 -> pc, jmp @instruction
0858 | dr[22:0] -> output address
0859 | acc -> output
0860 | mem(pc)[31:0] -> dr, pc+4 -> pc, jmp @instruction
0861 | dr[22:0] + pc -> ar
0862 | mem(ar)[31:0] -> dr
0863 | dr[31:0] -> acc
0864 | mem(pc)[31:0] -> dr, pc+4 -> pc, jmp @instruction
0865 | acc + 1 -> acc
0866 | mem(pc)[31:0] -> dr, pc+4 -> pc, jmp @instruction
0867 | dr[22:0] + pc -> ar
0868 | acc[31:0] -> mem(ar)
0869 | mem(pc)[31:0] -> dr, pc+4 -> pc, jmp @instruction
0870 | acc - extended(dr[22:0]) -> acc
0871 | mem(pc)[31:0] -> dr, pc+4 -> pc, jmp @instruction
0872 | acc - extended(dr[22:0]) -> acc
0873 | mem(pc)[31:0] -> dr, pc+4 -> pc, jmp @instruction
0874 | dr[22:0] + pc -> ar
0875 | mem(ar)[31:0] -> dr
0876 | acc - mem(ar) -> acc
0877 | mem(pc)[31:0] -> dr, pc+4 -> pc, jmp @instruction
0878 | if Z set: jmp @fetch
0879 | pc + extended(dr[22:0]) -> pc
0880 | mem(pc)[31:0] -> dr, pc+4 -> pc, jmp @instruction
0881 | dr[22:0] -> ar
0882 | mem(ar)[31:0] -> dr
0883 | dr[22:0] -> ar
0884 | mem(ar)[7:0] -> dr
0885 | dr[7:0] -> acc
0886 | mem(pc)[31:0] -> dr, pc+4 -> pc, jmp @instruction
0887 | dr[22:0] -> output address
0888 | acc -> output
0889 | mem(pc)[31:0] -> dr, pc+4 -> pc, jmp @instruction
0890 | dr[22:0] + pc -> ar
0891 | mem(ar)[31:0] -> dr
0892 | dr[31:0] -> acc
0893 | mem(pc)[31:0] -> dr, pc+4 -> pc, jmp @instruction
0894 | acc + 1 -> acc
0895 | mem(pc)[31:0] -> dr, pc+4 -> pc, jmp @instruction
0896 | dr[22:0] + pc -> ar
0897 | acc[31:0] -> mem(ar)
0898 | mem(pc)[31:0] -> dr, pc+4 -> pc, jmp @instruction
0899 | acc - extended(dr[22:0]) -> acc
0900 | mem(pc)[31:0] -> dr, pc+4 -> pc, jmp @instruction
0901 | acc - extended(dr[22:0]) -> acc
0902 | mem(pc)[31:0] -> dr, pc+4 -> pc, jmp @instruction
0903 | dr[22:0] + pc -> ar
0904 | mem(ar)[31:0] -> dr
0905 | acc - mem(ar) -> acc
0906 | mem(pc)[31:0] -> dr, pc+4 -> pc, jmp @instruction
0907 | if Z set: jmp @fetch
0908 | pc + extended(dr[22:0]) -> pc
0909 | mem(pc)[31:0] -> dr, pc+4 -> pc, jmp @instruction
0910 | dr[22:0] -> ar
0911 | mem(ar)[31:0] -> dr
0912 | dr[22:0] -> ar
0913 | mem(ar)[7:0] -> dr
0914 | dr[7:0] -> acc
0915 | mem(pc)[31:0] -> dr, pc+4 -> pc, jmp @instruction
0916 | dr[22:0] -> output address
0917 | acc -> output
0918 | mem(pc)[31:0] -> dr, pc+4 -> pc, jmp @instruction
0919 | dr[22:0] + pc -> ar
0920 | mem(ar)[31:0] -> dr
0921 | dr[31:0] -> acc
0922 | mem(pc)[31:0] -> dr, pc+4 -> pc, jmp @instruction
0923 | acc + 1 -> acc
0924 | mem(pc)[31:0] -> dr, pc+4 -> pc, jmp @instruction
0925 | dr[22:0] + pc -> ar
0926 | acc[31:0] -> mem(ar)
0927 | mem(pc)[31:0] -> dr, pc+4 -> pc, jmp @instruction
0928 | acc - extended(dr[22:0]) -> acc
0929 | mem(pc)[31:0] -> dr, pc+4 -> pc, jmp @instruction
0930 | acc - extended(dr[22:0]) -> acc
0931 | mem(pc)[31:0] -> dr, pc+4 -> pc, jmp @instruction
0932 | dr[22:0] + pc -> ar
0933 | mem(ar)[31:0] -> dr
0934 | acc - mem(ar) -> acc
0935 | mem(pc)[31:0] -> dr, pc+4 -> pc, jmp @instruction
0936 | if Z set: jmp @fetch
0937 | pc + extended(dr[22:0]) -> pc
0938 | mem(pc)[31:0] -> dr, pc+4 -> pc, jmp @instruction
0939 | dr[22:0] -> ar
0940 | mem(ar)[31:0] -> dr
0941 | dr[22:0] -> ar
0942 | mem(ar)[7:0] -> dr
0943 | dr[7:0] -> acc
0944 | mem(pc)[31:0] -> dr, pc+4 -> pc, jmp @instruction
0945 | dr[22:0] -> output address
0946 | acc -> output
0947 | mem(pc)[31:0] -> dr, pc+4 -> pc, jmp @instruction
0948 | dr[22:0] + pc -> ar
0949 | mem(ar)[31:0] -> dr
0950 | dr[31:0] -> acc
0951 | mem(pc)[31:0] -> dr, pc+4 -> pc, jmp @instruction
0952 | acc + 1 -> acc
0953 | mem(pc)[31:0] -> dr, pc+4 -> pc, jmp @instruction
0954 | dr[22:0] + pc -> ar
0955 | acc[31:0] -> mem(ar)
0956 | mem(pc)[31:0] -> dr, pc+4 -> pc, jmp @instruction
0957 | acc - extended(dr[22:0]) -> acc
0958 | mem(pc)[31:0] -> dr, pc+4 -> pc, jmp @instruction
0959 | acc - extended(dr[22:0]) -> acc
0960 | mem(pc)[31:0] -> dr, pc+4 -> pc, jmp @instruction
0961 | dr[22:0] + pc -> ar
0962 | mem(ar)[31:0] -> dr
0963 | acc - mem(ar) -> acc
0964 | mem(pc)[31:0] -> dr, pc+4 -> pc, jmp @instruction
0965 | if Z set: jmp @fetch
0966 | pc + extended(dr[22:0]) -> pc
0967 | mem(pc)[31:0] -> dr, pc+4 -> pc, jmp @instruction
0968 | dr[22:0] -> ar
0969 | mem(ar)[31:0] -> dr
0970 | dr[22:0] -> ar
0971 | mem(ar)[7:0] -> dr
0972 | dr[7:0] -> acc
0973 | mem(pc)[31:0] -> dr, pc+4 -> pc, jmp @instruction
0974 | dr[22:0] -> output address
0975 | acc -> output
0976 | mem(pc)[31:0] -> dr, pc+4 -> pc, jmp @instruction
0977 | dr[22:0] + pc -> ar
0978 | mem(ar)[31:0] -> dr
0979 | dr[31:0] -> acc
0980 | mem(pc)[31:0] -> dr, pc+4 -> pc, jmp @instruction
0981 | acc + 1 -> acc
0982 | mem(pc)[31:0] -> dr, pc+4 -> pc, jmp @instruction
0983 | dr[22:0] + pc -> ar
0984 | acc[31:0] -> mem(ar)
0985 | mem(pc)[31:0] -> dr, pc+4 -> pc, jmp @instruction
0986 | acc - extended(dr[22:0]) -> acc
0987 | mem(pc)[31:0] -> dr, pc+4 -> pc, jmp @instruction
0988 | acc - extended(dr[22:0]) -> acc
0989 | mem(pc)[31:0] -> dr, pc+4 -> pc, jmp @instruction
0990 | dr[22:0] + pc -> ar
0991 | mem(ar)[31:0] -> dr
0992 | acc - mem(ar) -> acc
0993 | mem(pc)[31:0] -> dr, pc+4 -> pc, jmp @instruction
0994 | if Z set: jmp @fetch
0995 | pc + extended(dr[22:0]) -> pc
0996 | mem(pc)[31:0] -> dr, pc+4 -> pc, jmp @instruction
0997 | dr[22:0] -> ar
0998 | mem(ar)[31:0] -> dr
0999 | dr[22:0] -> ar
1000 | mem(ar)[7:0] -> dr
1001 | dr[7:0] -> acc
1002 | mem(pc)[31:0] -> dr, pc+4 -> pc, jmp @instruction
1003 | dr[22:0] -> output address
1004 | acc -> output
1005 | mem(pc)[31:0] -> dr, pc+4 -> pc, jmp @instruction
1006 | dr[22:0] + pc -> ar
1007 | mem(ar)[31:0] -> dr
1008 | dr[31:0] -> acc
1009 | mem(pc)[31:0] -> dr, pc+4 -> pc, jmp @instruction
1010 | acc + 1 -> acc
1011 | mem(pc)[31:0] -> dr, pc+4 -> pc, jmp @instruction
1012 | dr[22:0] + pc -> ar
1013 | acc[31:0] -> mem(ar)
1014 | mem(pc)[31:0] -> dr, pc+4 -> pc, jmp @instruction
1015 | acc - extended(dr[22:0]) -> acc
1016 | mem(pc)[31:0] -> dr, pc+4 -> pc, jmp @instruction
1017 | acc - extended(dr[22:0]) -> acc
1018 | mem(pc)[31:0] -> dr, pc+4 -> pc, jmp @instruction
1019 | dr[22:0] + pc -> ar
1020 | mem(ar)[31:0] -> dr
1021 | acc - mem(ar) -> acc
1022 | mem(pc)[31:0] -> dr, pc+4 -> pc, jmp @instruction
1023 | if Z set: jmp @fetch
1024 | pc + extended(dr[22:0]) -> pc
1025 | mem(pc)[31:0] -> dr, pc+4 -> pc, jmp @instruction
1026 | dr[22:0] -> ar
1027 | mem(ar)[31:0] -> dr
1028 | dr[22:0] -> ar
1029 | mem(ar)[7:0] -> dr
1030 | dr[7:0] -> acc
1031 | mem(pc)[31:0] -> dr, pc+4 -> pc, jmp @instruction
1032 | dr[22:0] -> output address
1033 | acc -> output
1034 | mem(pc)[31:0] -> dr, pc+4 -> pc, jmp @instruction
1035 | dr[22:0] + pc -> ar
1036 | mem(ar)[31:0] -> dr
1037 | dr[31:0] -> acc
1038 | mem(pc)[31:0] -> dr, pc+4 -> pc, jmp @instruction
1039 | acc + 1 -> acc
1040 | mem(pc)[31:0] -> dr, pc+4 -> pc, jmp @instruction
1041 | dr[22:0] + pc -> ar
1042 | acc[31:0] -> mem(ar)
1043 | mem(pc)[31:0] -> dr, pc+4 -> pc, jmp @instruction
1044 | acc - extended(dr[22:0]) -> acc
1045 | mem(pc)[31:0] -> dr, pc+4 -> pc, jmp @instruction
1046 | acc - extended(dr[22:0]) -> acc
1047 | mem(pc)[31:0] -> dr, pc+4 -> pc, jmp @instruction
1048 | dr[22:0] + pc -> ar
1049 | mem(ar)[31:0] -> dr
1050 | acc - mem(ar) -> acc
1051 | mem(pc)[31:0] -> dr, pc+4 -> pc, jmp @instruction
1052 | if Z set: jmp @fetch
1053 | pc + extended(dr[22:0]) -> pc
1054 | mem(pc)[31:0] -> dr, pc+4 -> pc, jmp @instruction
1055 | dr[22:0] -> ar
1056 | mem(ar)[31:0] -> dr
1057 | dr[22:0] -> ar
1058 | mem(ar)[7:0] -> dr
1059 | dr[7:0] -> acc
1060 | mem(pc)[31:0] -> dr, pc+4 -> pc, jmp @instruction
1061 | dr[22:0] -> output address
1062 | acc -> output
1063 | mem(pc)[31:0] -> dr, pc+4 -> pc, jmp @instruction
1064 | dr[22:0] + pc -> ar
1065 | mem(ar)[31:0] -> dr
1066 | dr[31:0] -> acc
1067 | mem(pc)[31:0] -> dr, pc+4 -> pc, jmp @instruction
1068 | acc + 1 -> acc
1069 | mem(pc)[31:0] -> dr, pc+4 -> pc, jmp @instruction
1070 | dr[22:0] + pc -> ar
1071 | acc[31:0] -> mem(ar)
1072 | mem(pc)[31:0] -> dr, pc+4 -> pc, jmp @instruction
1073 | acc - extended(dr[22:0]) -> acc
1074 | mem(pc)[31:0] -> dr, pc+4 -> pc, jmp @instruction
1075 | acc - extended(dr[22:0]) -> acc
1076 | mem(pc)[31:0] -> dr, pc+4 -> pc, jmp @instruction
1077 | dr[22:0] + pc -> ar
1078 | mem(ar)[31:0] -> dr
1079 | acc - mem(ar) -> acc
1080 | mem(pc)[31:0] -> dr, pc+4 -> pc, jmp @instruction
1081 | if Z set: jmp @fetch
1082 | pc + extended(dr[22:0]) -> pc
1083 | mem(pc)[31:0] -> dr, pc+4 -> pc, jmp @instruction
1084 | dr[22:0] -> ar
1085 | mem(ar)[31:0] -> dr
1086 | dr[22:0] -> ar
1087 | mem(ar)[7:0] -> dr
1088 | dr[7:0] -> acc
1089 | mem(pc)[31:0] -> dr, pc+4 -> pc, jmp @instruction
1090 | dr[22:0] -> output address
1091 | acc -> output
1092 | mem(pc)[31:0] -> dr, pc+4 -> pc, jmp @instruction
1093 | dr[22:0] + pc -> ar
1094 | mem(ar)[31:0] -> dr
1095 | dr[31:0] -> acc
1096 | mem(pc)[31:0] -> dr, pc+4 -> pc, jmp @instruction
1097 | acc + 1 -> acc
1098 | mem(pc)[31:0] -> dr, pc+4 -> pc, jmp @instruction
1099 | dr[22:0] + pc -> ar
1100 | acc[31:0] -> mem(ar)
1101 | mem(pc)[31:0] -> dr, pc+4 -> pc, jmp @instruction
1102 | acc - extended(dr[22:0]) -> acc
1103 | mem(pc)[31:0] -> dr, pc+4 -> pc, jmp @instruction
1104 | acc - extended(dr[22:0]) -> acc
1105 | mem(pc)[31:0] -> dr, pc+4 -> pc, jmp @instruction
1106 | dr[22:0] + pc -> ar
1107 | mem(ar)[31:0] -> dr
1108 | acc - mem(ar) -> acc
1109 | mem(pc)[31:0] -> dr, pc+4 -> pc, jmp @instruction
1110 | if Z set: jmp @fetch
1111 | pc + extended(dr[22:0]) -> pc
1112 | mem(pc)[31:0] -> dr, pc+4 -> pc, jmp @instruction
1113 | dr[22:0] -> ar
1114 | mem(ar)[31:0] -> dr
1115 | dr[22:0] -> ar
1116 | mem(ar)[7:0] -> dr
1117 | dr[7:0] -> acc
1118 | mem(pc)[31:0] -> dr, pc+4 -> pc, jmp @instruction
1119 | dr[22:0] -> output address
1120 | acc -> output
1121 | mem(pc)[31:0] -> dr, pc+4 -> pc, jmp @instruction
1122 | dr[22:0] + pc -> ar
1123 | mem(ar)[31:0] -> dr
1124 | dr[31:0] -> acc
1125 | mem(pc)[31:0] -> dr, pc+4 -> pc, jmp @instruction
1126 | acc + 1 -> acc
1127 | mem(pc)[31:0] -> dr, pc+4 -> pc, jmp @instruction
1128 | dr[22:0] + pc -> ar
1129 | acc[31:0] -> mem(ar)
1130 | mem(pc)[31:0] -> dr, pc+4 -> pc, jmp @instruction
1131 | acc - extended(dr[22:0]) -> acc
1132 | mem(pc)[31:0] -> dr, pc+4 -> pc, jmp @instruction
1133 | acc - extended(dr[22:0]) -> acc
1134 | mem(pc)[31:0] -> dr, pc+4 -> pc, jmp @instruction
1135 | dr[22:0] + pc -> ar
1136 | mem(ar)[31:0] -> dr
1137 | acc - mem(ar) -> acc
1138 | mem(pc)[31:0] -> dr, pc+4 -> pc, jmp @instruction
1139 | if Z set: jmp @fetch
1140 | pc + extended(dr[22:0]) -> pc
1141 | mem(pc)[31:0] -> dr, pc+4 -> pc, jmp @instruction
1142 | dr[22:0] -> ar
1143 | mem(ar)[31:0] -> dr
1144 | dr[22:0] -> ar
1145 | mem(ar)[7:0] -> dr
1146 | dr[7:0] -> acc
1147 | mem(pc)[31:0] -> dr, pc+4 -> pc, jmp @instruction
1148 | dr[22:0] -> output address
1149 | acc -> output
1150 | mem(pc)[31:0] -> dr, pc+4 -> pc, jmp @instruction
1151 | dr[22:0] + pc -> ar
1152 | mem(ar)[31:0] -> dr
1153 | dr[31:0] -> acc
1154 | mem(pc)[31:0] -> dr, pc+4 -> pc, jmp @instruction
1155 | acc + 1 -> acc
1156 | mem(pc)[31:0] -> dr, pc+4 -> pc, jmp @instruction
1157 | dr[22:0] + pc -> ar
1158 | acc[31:0] -> mem(ar)
1159 | mem(pc)[31:0] -> dr, pc+4 -> pc, jmp @instruction
1160 | acc - extended(dr[22:0]) -> acc
1161 | mem(pc)[31:0] -> dr, pc+4 -> pc, jmp @instruction
1162 | acc - extended(dr[22:0]) -> acc
1163 | mem(pc)[31:0] -> dr, pc+4 -> pc, jmp @instruction
1164 | dr[22:0] + pc -> ar
1165 | mem(ar)[31:0] -> dr
1166 | acc - mem(ar) -> acc
1167 | mem(pc)[31:0] -> dr, pc+4 -> pc, jmp @instruction
1168 | if Z set: jmp @fetch
1169 | pc + extended(dr[22:0]) -> pc
1170 | mem(pc)[31:0] -> dr, pc+4 -> pc, jmp @instruction
1171 | dr[22:0] -> ar
1172 | mem(ar)[31:0] -> dr
1173 | dr[22:0] -> ar
1174 | mem(ar)[7:0] -> dr
1175 | dr[7:0] -> acc
1176 | mem(pc)[31:0] -> dr, pc+4 -> pc, jmp @instruction
1177 | dr[22:0] -> output address
1178 | acc -> output
1179 | mem(pc)[31:0] -> dr, pc+4 -> pc, jmp @instruction
1180 | dr[22:0] + pc -> ar
1181 | mem(ar)[31:0] -> dr
1182 | dr[31:0] -> acc
1183 | mem(pc)[31:0] -> dr, pc+4 -> pc, jmp @instruction
1184 | acc + 1 -> acc
1185 | mem(pc)[31:0] -> dr, pc+4 -> pc, jmp @instruction
1186 | dr[22:0] + pc -> ar
1187 | acc[31:0] -> mem(ar)
1188 | mem(pc)[31:0] -> dr, pc+4 -> pc, jmp @instruction
1189 | acc - extended(dr[22:0]) -> acc
1190 | mem(pc)[31:0] -> dr, pc+4 -> pc, jmp @instruction
1191 | acc - extended(dr[22:0]) -> acc
1192 | mem(pc)[31:0] -> dr, pc+4 -> pc, jmp @instruction
1193 | dr[22:0] + pc -> ar
1194 | mem(ar)[31:0] -> dr
1195 | acc - mem(ar) -> acc
1196 | mem(pc)[31:0] -> dr, pc+4 -> pc, jmp @instruction
1197 | if Z set: jmp @fetch
1198 | pc + extended(dr[22:0]) -> pc
1199 | mem(pc)[31:0] -> dr, pc+4 -> pc, jmp @instruction
1200 | dr[22:0] -> ar
1201 | mem(ar)[31:0] -> dr
1202 | dr[22:0] -> ar
1203 | mem(ar)[7:0] -> dr
1204 | dr[7:0] -> acc
1205 | mem(pc)[31:0] -> dr, pc+4 -> pc, jmp @instruction
1206 | dr[22:0] -> output address
1207 | acc -> output
1208 | mem(pc)[31:0] -> dr, pc+4 -> pc, jmp @instruction
1209 | dr[22:0] + pc -> ar
1210 | mem(ar)[31:0] -> dr
1211 | dr[31:0] -> acc
1212 | mem(pc)[31:0] -> dr, pc+4 -> pc, jmp @instruction
1213 | acc + 1 -> acc
1214 | mem(pc)[31:0] -> dr, pc+4 -> pc, jmp @instruction
1215 | dr[22:0] + pc -> ar
1216 | acc[31:0] -> mem(ar)
1217 | mem(pc)[31:0] -> dr, pc+4 -> pc, jmp @instruction
1218 | acc - extended(dr[22:0]) -> acc
1219 | mem(pc)[31:0] -> dr, pc+4 -> pc, jmp @instruction
1220 | acc - extended(dr[22:0]) -> acc
1221 | mem(pc)[31:0] -> dr, pc+4 -> pc, jmp @instruction
1222 | dr[22:0] + pc -> ar
1223 | mem(ar)[31:0] -> dr
1224 | acc - mem(ar) -> acc
1225 | mem(pc)[31:0] -> dr, pc+4 -> pc, jmp @instruction
1226 | if Z set: jmp @fetch
1227 | pc + extended(dr[22:0]) -> pc
1228 | mem(pc)[31:0] -> dr, pc+4 -> pc, jmp @instruction
1229 | dr[22:0] -> ar
1230 | mem(ar)[31:0] -> dr
1231 | dr[22:0] -> ar
1232 | mem(ar)[7:0] -> dr
1233 | dr[7:0] -> acc
1234 | mem(pc)[31:0] -> dr, pc+4 -> pc, jmp @instruction
1235 | dr[22:0] -> output address
1236 | acc -> output
1237 | mem(pc)[31:0] -> dr, pc+4 -> pc, jmp @instruction
1238 | dr[22:0] + pc -> ar
1239 | mem(ar)[31:0] -> dr
1240 | dr[31:0] -> acc
1241 | mem(pc)[31:0] -> dr, pc+4 -> pc, jmp @instruction
1242 | acc + 1 -> acc
1243 | mem(pc)[31:0] -> dr, pc+4 -> pc, jmp @instruction
1244 | dr[22:0] + pc -> ar
1245 | acc[31:0] -> mem(ar)
1246 | mem(pc)[31:0] -> dr, pc+4 -> pc, jmp @instruction
1247 | acc - extended(dr[22:0]) -> acc
1248 | mem(pc)[31:0] -> dr, pc+4 -> pc, jmp @instruction
1249 | acc - extended(dr[22:0]) -> acc
1250 | mem(pc)[31:0] -> dr, pc+4 -> pc, jmp @instruction
1251 | dr[22:0] + pc -> ar
1252 | mem(ar)[31:0] -> dr
1253 | acc - mem(ar) -> acc
1254 | mem(pc)[31:0] -> dr, pc+4 -> pc, jmp @instruction
1255 | if Z set: jmp @fetch
1256 | pc + extended(dr[22:0]) -> pc
1257 | mem(pc)[31:0] -> dr, pc+4 -> pc, jmp @instruction
1258 | dr[22:0] -> ar
1259 | mem(ar)[31:0] -> dr
1260 | dr[22:0] -> ar
1261 | mem(ar)[7:0] -> dr
1262 | dr[7:0] -> acc
1263 | mem(pc)[31:0] -> dr, pc+4 -> pc, jmp @instruction
1264 | dr[22:0] -> output address
1265 | acc -> output
1266 | mem(pc)[31:0] -> dr, pc+4 -> pc, jmp @instruction
1267 | dr[22:0] + pc -> ar
1268 | mem(ar)[31:0] -> dr
1269 | dr[31:0] -> acc
1270 | mem(pc)[31:0] -> dr, pc+4 -> pc, jmp @instruction
1271 | acc + 1 -> acc
1272 | mem(pc)[31:0] -> dr, pc+4 -> pc, jmp @instruction
1273 | dr[22:0] + pc -> ar
1274 | acc[31:0] -> mem(ar)
1275 | mem(pc)[31:0] -> dr, pc+4 -> pc, jmp @instruction
1276 | acc - extended(dr[22:0]) -> acc
1277 | mem(pc)[31:0] -> dr, pc+4 -> pc, jmp @instruction
1278 | acc - extended(dr[22:0]) -> acc
1279 | mem(pc)[31:0] -> dr, pc+4 -> pc, jmp @instruction
1280 | dr[22:0] + pc -> ar
1281 | mem(ar)[31:0] -> dr
1282 | acc - mem(ar) -> acc
1283 | mem(pc)[31:0] -> dr, pc+4 -> pc, jmp @instruction
1284 | if Z set: jmp @fetch
1285 | pc + extended(dr[22:0]) -> pc
1286 | mem(pc)[31:0] -> dr, pc+4 -> pc, jmp @instruction
1287 | dr[22:0] -> ar
1288 | mem(ar)[31:0] -> dr
1289 | dr[22:0] -> ar
1290 | mem(ar)[7:0] -> dr
1291 | dr[7:0] -> acc
1292 | mem(pc)[31:0] -> dr, pc+4 -> pc, jmp @instruction
1293 | dr[22:0] -> output address
1294 | acc -> output
1295 | mem(pc)[31:0] -> dr, pc+4 -> pc, jmp @instruction
1296 | dr[22:0] + pc -> ar
1297 | mem(ar)[31:0] -> dr
1298 | dr[31:0] -> acc
1299 | mem(pc)[31:0] -> dr, pc+4 -> pc, jmp @instruction
1300 | acc + 1 -> acc
1301 | mem(pc)[31:0] -> dr, pc+4 -> pc, jmp @instruction
1302 | dr[22:0] + pc -> ar
1303 | acc[31:0] -> mem(ar)
1304 | mem(pc)[31:0] -> dr, pc+4 -> pc, jmp @instruction
1305 | acc - extended(dr[22:0]) -> acc
1306 | mem(pc)[31:0] -> dr, pc+4 -> pc, jmp @instruction
1307 | acc - extended(dr[22:0]) -> acc
1308 | mem(pc)[31:0] -> dr, pc+4 -> pc, jmp @instruction
1309 | dr[22:0] + pc -> ar
1310 | mem(ar)[31:0] -> dr
1311 | acc - mem(ar) -> acc
1312 | mem(pc)[31:0] -> dr, pc+4 -> pc, jmp @instruction
1313 | if Z set: jmp @fetch
1314 | mem(pc)[31:0] -> dr, pc+4 -> pc, jmp @instruction
1315 | dr[22:0] + pc -> ar
1316 | mem(ar)[7:0] -> dr
1317 | dr[7:0] -> acc
1318 | mem(pc)[31:0] -> dr, pc+4 -> pc, jmp @instruction
1319 | dr[22:0] -> output address
1320 | acc -> output
1321 | mem(pc)[31:0] -> dr, pc+4 -> pc, jmp @instruction
1322 | halt
-------------------------------------------------
Program executed after 1322 ticks. Final state:
in: 
[]
out: 
['W', 'h', 'a', 't', ' ', 'i', 's', ' ', 'y', 'o', 'u', 'r', ' ', 'n', 'a', 'm', 'e', '?', 'H', 'e', 'l', 'l', 'o', ',', ' ', 'A', 's', 't', 'r', 'o', 's', 'o', 'u', 'p', '!']
memory_dump:
  [0x0000] 03 00 00 bd 0a 80 00 04 07 80 00 ac 07 00 00 b8
  [0x0010] 13 80 00 00 03 80 00 a0 02 00 00 00 07 80 00 98
  [0x0020] 0c 80 00 bd 0c 80 00 04 0d 00 00 91 16 ff ff dc
  [0x0030] 03 00 00 d7 0a 80 00 04 0b 00 00 9b 07 80 00 78
  [0x0040] 12 80 00 00 07 80 00 8b 12 80 00 00 0a 00 00 b8
  [0x0050] 03 80 00 64 02 00 00 00 07 80 00 5c 0c 80 00 d7
  [0x0060] 0c 80 00 04 0d 00 00 6f 0d 00 00 67 16 ff ff d8
  [0x0070] 03 80 00 5f 0b 00 00 5f 07 80 00 5b 03 00 00 d7
  [0x0080] 0a 80 00 04 07 80 00 30 07 00 00 b8 13 80 00 00
  [0x0090] 03 80 00 24 02 00 00 00 07 80 00 1c 0c 80 00 d7
  [0x00a0] 0c 80 00 04 0d 00 00 2f 16 ff ff dc 06 00 00 0c
  [0x00b0] 13 80 00 00 00 80 00 00 00 00 00 eb 21 00 00 00
  [0x00c0] 12 57 68 61 74 20 69 73 20 79 6f 75 72 20 6e 61
  [0x00d0] 6d 65 3f 00 00 00 09 00 00 00 10 48 65 6c 6c 6f
  [0x00e0] 2c 20 41 73 74 72 6f 73 6f 75 70 00 00 00 00 00
  [0x00f0] 00 00 00 00 00 00 00 00 00 00 00 00 00 00 00 00
